00:00:00.378388 VirtualBox GUI VM Selector Window 6.0.8 r130347 linux.amd64 (May 15 2019 09:04:27) release log
00:00:00.378392 Log opened 2019-06-25T02:27:29.860829000Z
00:00:00.378393 Build Type: release
00:00:00.378396 OS Product: Linux
00:00:00.378398 OS Release: 5.1.9-arch1-1-ARCH
00:00:00.378400 OS Version: #1 SMP PREEMPT Tue Jun 11 16:18:09 UTC 2019
00:00:00.378429 DMI Product Name: System Product Name
00:00:00.378442 DMI Product Version: System Version
00:00:00.378501 Host RAM: 15970MB (15.5GB) total, 13117MB (12.8GB) available
00:00:00.378507 Executable: /usr/lib/virtualbox/VirtualBox
00:00:00.378508 Process ID: 17266
00:00:00.378509 Package type: LINUX_64BITS_GENERIC (OSE)
00:00:00.378546 Qt version: 5.12.3
00:00:00.421437 GUI: UIMediumEnumerator: Medium-enumeration started...
00:00:00.708429 GUI: UIDesktopWidgetWatchdog::sltHandleHostScreenAvailableGeometryCalculated: Screen 0 work area is actually resized to: 19x19 x 1882x1021
00:00:00.737759 Failed to open "/dev/vboxdrv", errno=13, rc=VERR_VM_DRIVER_NOT_ACCESSIBLE
00:00:00.737838 GUI: UIMediumEnumerator: Medium-enumeration finished!
00:00:03.443262 GUI: UIMediumEnumerator: Medium-enumeration started...
00:00:03.468974 GUI: UIMediumEnumerator: Medium-enumeration finished!
00:00:49.859092 GUI: UIMediumEnumerator: Medium with key={{46e08583-6350-422f-a0fd-c5cacd2a13c7}} created
00:00:50.020939 GUI: UIMediumEnumerator: Medium-enumeration finished!
00:00:53.908109 GUI: UIMediumEnumerator: Medium-enumeration started...
00:00:54.138277 2D support test succeeded
00:00:54.174562 GUI: UIMediumEnumerator: Medium-enumeration finished!
00:01:32.327204 GUI: UIMediumEnumerator: Medium with key={{f2e2e1b4-562b-41aa-b664-8fa3155795fb}} created
00:01:34.143314 GUI: UIMediumEnumerator: Medium-enumeration finished!
00:03:47.746738 GUI: UIMediumEnumerator: Medium-enumeration finished!
00:05:01.611173 GUI: UIMediumEnumerator: Medium-enumeration finished!
00:05:02.355218 GUI: UIMediumEnumerator: Medium-enumeration finished!
