00:00:00.001319 main     VirtualBox XPCOM Server 6.0.8 r130347 linux.amd64 (May 15 2019 09:04:27) release log
00:00:00.001321 main     Log opened 2019-06-25T02:27:29.602547000Z
00:00:00.001321 main     Build Type: release
00:00:00.001323 main     OS Product: Linux
00:00:00.001323 main     OS Release: 5.1.9-arch1-1-ARCH
00:00:00.001324 main     OS Version: #1 SMP PREEMPT Tue Jun 11 16:18:09 UTC 2019
00:00:00.001341 main     DMI Product Name: System Product Name
00:00:00.001346 main     DMI Product Version: System Version
00:00:00.001368 main     Host RAM: 15970MB (15.5GB) total, 13116MB (12.8GB) available
00:00:00.001370 main     Executable: /usr/lib/virtualbox/VBoxSVC
00:00:00.001370 main     Process ID: 17286
00:00:00.001370 main     Package type: LINUX_64BITS_GENERIC (OSE)
00:00:00.002392 main     IPC socket path: /tmp/.vbox-herzog-ipc/ipcd
00:00:00.108947 nspr-2   VirtualBox: object creation starts
00:00:00.109647 nspr-2   Home directory: '/home/herzog/.config/VirtualBox'
00:00:00.110212 nspr-2   Loading settings file "/home/herzog/.config/VirtualBox/VirtualBox.xml" with version "1.12-linux"
00:00:00.116317 nspr-2   Successfully initialised host USB using sysfs
00:00:00.118037 nspr-2   NAT: resolv.conf: nameserver 192.168.0.1
00:00:00.118083 nspr-2   HostDnsMonitor::updateInfo
00:00:00.118664 nspr-2   HostDnsMonitor: old information
00:00:00.118693 nspr-2     no server entries
00:00:00.118702 nspr-2     no domain set
00:00:00.118709 nspr-2     no search string entries
00:00:00.118716 nspr-2   HostDnsMonitor: new information
00:00:00.118722 nspr-2     server 1: 192.168.0.1
00:00:00.118730 nspr-2     no domain set
00:00:00.118736 nspr-2     no search string entries
00:00:00.133814 nspr-2   VD: VDInit finished with VINF_SUCCESS
00:00:00.164249 nspr-2   Loading settings file "/data/virtualbox/windows 10/windows 10.vbox" with version "1.15-linux"
00:00:00.169289 nspr-2   OCI: Local config file '/home/herzog/.config/VirtualBox/oci_config' does not exist
00:00:00.169333 nspr-2   OCI: Original config file '/home/herzog/.oci/config' does not exist
00:00:00.169342 nspr-2   OCI: Reading profiles finished with status NS_OK
00:00:00.169366 nspr-2   ExtPack: Created cloud provider 'OCI' (hrc=NS_OK)
00:00:00.169405 nspr-2   VirtualBox: object created
00:00:01.474405 nspr-4   Saving settings file "/home/herzog/.config/VirtualBox/VirtualBox.xml" with version "1.12-linux"
00:00:01.485850 nspr-3   Saving settings file "/home/herzog/.config/VirtualBox/VirtualBox.xml" with version "1.12-linux"
00:00:49.720578 createBase Saving settings file "/home/herzog/.config/VirtualBox/VirtualBox.xml" with version "1.12-linux"
00:00:49.769659 nspr-5   Saving settings file "/home/herzog/VirtualBox VMs/kali_linux/kali_linux.vbox" with version "1.16-linux"
00:00:49.793582 nspr-4   Saving settings file "/home/herzog/VirtualBox VMs/kali_linux/kali_linux.vbox" with version "1.16-linux"
00:00:49.798514 nspr-4   Saving settings file "/home/herzog/.config/VirtualBox/VirtualBox.xml" with version "1.12-linux"
00:00:49.810057 nspr-4   Saving settings file "/home/herzog/.config/VirtualBox/VirtualBox.xml" with version "1.12-linux"
00:00:49.816347 nspr-4   Saving settings file "/home/herzog/VirtualBox VMs/kali_linux/kali_linux.vbox" with version "1.16-linux"
00:00:49.845342 nspr-4   ERROR [COM]: aRC=NS_ERROR_FAILURE (0x80004005) aIID={5047460a-265d-4538-b23e-ddba5fb84976} aComponent={MachineWrap} aText={This machine does not have any snapshots}, preserve=false aResultDetail=0
00:01:32.198154 nspr-2   Saving settings file "/home/herzog/.config/VirtualBox/VirtualBox.xml" with version "1.12-linux"
00:01:32.203653 nspr-4   Saving settings file "/home/herzog/.config/VirtualBox/VirtualBox.xml" with version "1.12-linux"
00:01:33.936140 nspr-5   Saving settings file "/home/herzog/.config/VirtualBox/VirtualBox.xml" with version "1.12-linux"
00:01:33.973016 nspr-3   Saving settings file "/home/herzog/VirtualBox VMs/kali_linux/kali_linux.vbox" with version "1.16-linux"
00:01:33.979749 nspr-5   Saving settings file "/home/herzog/VirtualBox VMs/kali_linux/kali_linux.vbox" with version "1.16-linux"
00:01:38.025828 nspr-6   Load [/usr/lib/virtualbox/ExtensionPacks/Oracle_VM_VirtualBox_Extension_Pack/linux.amd64/VBoxHostWebcam.so] vrc=VINF_SUCCESS
00:01:38.060641 nspr-6   ERROR [COM]: aRC=VBOX_E_IPRT_ERROR (0x80bb0005) aIID={5047460a-265d-4538-b23e-ddba5fb84976} aComponent={SessionMachine} aText={Saved screenshot data is not available (VERR_NOT_SUPPORTED)}, preserve=false aResultDetail=-37
00:03:47.612913 nspr-7   Saving settings file "/home/herzog/VirtualBox VMs/kali_linux/kali_linux.vbox" with version "1.16-linux"
00:05:01.441886 nspr-4   Saving settings file "/home/herzog/VirtualBox VMs/kali_linux/kali_linux.vbox" with version "1.16-linux"
00:05:01.572492 nspr-5   Saving settings file "/home/herzog/VirtualBox VMs/kali_linux/kali_linux.vbox" with version "1.16-linux"
00:05:02.181906 nspr-4   Saving settings file "/home/herzog/VirtualBox VMs/kali_linux/kali_linux.vbox" with version "1.16-linux"
00:05:04.523284 nspr-5   Load [/usr/lib/virtualbox/ExtensionPacks/Oracle_VM_VirtualBox_Extension_Pack/linux.amd64/VBoxHostWebcam.so] vrc=VINF_SUCCESS
00:05:04.556941 nspr-5   ERROR [COM]: aRC=VBOX_E_IPRT_ERROR (0x80bb0005) aIID={5047460a-265d-4538-b23e-ddba5fb84976} aComponent={SessionMachine} aText={Saved screenshot data is not available (VERR_NOT_SUPPORTED)}, preserve=false aResultDetail=-37
